<?xml version="1.0" encoding="UTF-8"?>
<!-- Generated by org.testng.reporters.JUnitReportReporter -->
<testsuite hostname="DESKTOP-FM0DM7C" failures="0" tests="1" name="docker.StartDocker" time="7.050" errors="0" timestamp="2022-05-10T17:25:57 IST" skipped="0">
  <testcase classname="docker.StartDocker" name="StartFile" time="7.050"/>
  <system-out/>
</testsuite> <!-- docker.StartDocker -->
