<?xml version="1.0" encoding="UTF-8"?>
<!-- Generated by org.testng.reporters.JUnitReportReporter -->
<testsuite hostname="DESKTOP-FM0DM7C" failures="0" tests="1" name="docker.B2" time="2.786" errors="0" timestamp="2022-05-08T17:42:49 IST" skipped="0">
  <testcase classname="docker.B2" name="DockerTest4" time="2.786"/>
  <system-out/>
</testsuite> <!-- docker.B2 -->
