<?xml version="1.0" encoding="UTF-8"?>
<!-- Generated by org.testng.reporters.JUnitReportReporter -->
<testsuite hostname="DESKTOP-FM0DM7C" failures="0" tests="1" name="docker.A" time="1.437" errors="0" timestamp="2022-05-07T15:15:22 IST" skipped="0">
  <testcase classname="docker.A" name="DockerTest1" time="1.437"/>
  <system-out/>
</testsuite> <!-- docker.A -->
