<?xml version="1.0" encoding="UTF-8"?>
<!-- Generated by org.testng.reporters.JUnitReportReporter -->
<testsuite hostname="DESKTOP-FM0DM7C" failures="0" tests="1" name="docker.A2" time="3.442" errors="0" timestamp="2022-05-10T18:14:38 IST" skipped="0">
  <testcase classname="docker.A2" name="DockerTest2" time="3.442"/>
  <system-out/>
</testsuite> <!-- docker.A2 -->
