<?xml version="1.0" encoding="UTF-8"?>
<!-- Generated by org.testng.reporters.JUnitReportReporter -->
<testsuite hostname="DESKTOP-FM0DM7C" failures="0" tests="1" name="docker.C2" time="3.100" errors="0" timestamp="2022-05-08T17:42:49 IST" skipped="0">
  <testcase classname="docker.C2" name="DockerTest6" time="3.100"/>
  <system-out/>
</testsuite> <!-- docker.C2 -->
