<?xml version="1.0" encoding="UTF-8"?>
<!-- Generated by org.testng.reporters.JUnitReportReporter -->
<testsuite hostname="DESKTOP-FM0DM7C" failures="0" tests="1" name="docker.A1" time="3.507" errors="0" timestamp="2022-05-10T18:14:38 IST" skipped="0">
  <testcase classname="docker.A1" name="DockerTest1" time="3.507"/>
  <system-out/>
</testsuite> <!-- docker.A1 -->
