<?xml version="1.0" encoding="UTF-8"?>
<!-- Generated by org.testng.reporters.JUnitReportReporter -->
<testsuite hostname="DESKTOP-FM0DM7C" failures="0" tests="1" name="docker.B1" time="2.920" errors="0" timestamp="2022-05-08T17:42:49 IST" skipped="0">
  <testcase classname="docker.B1" name="DockerTest3" time="2.920"/>
  <system-out/>
</testsuite> <!-- docker.B1 -->
