<?xml version="1.0" encoding="UTF-8"?>
<!-- Generated by org.testng.reporters.JUnitReportReporter -->
<testsuite hostname="DESKTOP-FM0DM7C" failures="0" tests="1" name="docker.StopDocker" time="5.072" errors="0" timestamp="2022-05-10T16:38:29 IST" skipped="0">
  <testcase classname="docker.StopDocker" name="StopFile" time="5.072"/>
  <system-out/>
</testsuite> <!-- docker.StopDocker -->
