<?xml version="1.0" encoding="UTF-8"?>
<!-- Generated by org.testng.reporters.JUnitReportReporter -->
<testsuite hostname="DESKTOP-FM0DM7C" failures="0" tests="1" name="docker.C1" time="3.147" errors="0" timestamp="2022-05-08T17:42:49 IST" skipped="0">
  <testcase classname="docker.C1" name="DockerTest5" time="3.147"/>
  <system-out/>
</testsuite> <!-- docker.C1 -->
