<?xml version="1.0" encoding="UTF-8"?>
<!-- Generated by org.testng.reporters.JUnitReportReporter -->
<testsuite skipped="0" hostname="DESKTOP-FM0DM7C" name="docker.A2" tests="1" failures="0" timestamp="2022-05-11T17:36:03 IST" time="3.270" errors="0">
  <testcase name="DockerTest2" time="3.270" classname="docker.A2"/>
  <system-out/>
</testsuite> <!-- docker.A2 -->
