<?xml version="1.0" encoding="UTF-8"?>
<!-- Generated by org.testng.reporters.JUnitReportReporter -->
<testsuite skipped="0" hostname="DESKTOP-FM0DM7C" name="docker.A1" tests="1" failures="0" timestamp="2022-05-11T17:36:03 IST" time="3.412" errors="0">
  <testcase name="DockerTest1" time="3.412" classname="docker.A1"/>
  <system-out/>
</testsuite> <!-- docker.A1 -->
