<?xml version="1.0" encoding="UTF-8"?>
<!-- Generated by org.testng.reporters.JUnitReportReporter -->
<testsuite skipped="0" hostname="DESKTOP-FM0DM7C" name="docker.C1" tests="1" failures="0" timestamp="2022-05-11T17:32:21 IST" time="2.964" errors="0">
  <testcase name="DockerTest5" time="2.964" classname="docker.C1"/>
  <system-out/>
</testsuite> <!-- docker.C1 -->
